Applying patch_0.patch...
patching file 'src/app/components/CaseStudies.tsx'
Reversed (or previously applied) patch detected!  Assume -R? [y] 
Applying patch_1.patch...
patching file 'src/app/components/CaseStudyModal.tsx'
3 out of 3 hunks failed--saving rejects to 'src/app/components/CaseStudyModal.tsx.rej'
Failed to apply patch_1.patch
Applying patch_2.patch...
patching file 'src/app/components/CaseStudies.tsx'
1 out of 1 hunks failed--saving rejects to 'src/app/components/CaseStudies.tsx.rej'
Failed to apply patch_2.patch
Applying patch_3.patch...
patching file 'src/app/components/CaseStudies.tsx'
1 out of 1 hunks failed--saving rejects to 'src/app/components/CaseStudies.tsx.rej'
Failed to apply patch_3.patch
Applying patch_4.patch...
patching file 'src/app/components/CaseStudyModal.tsx'
2 out of 2 hunks failed--saving rejects to 'src/app/components/CaseStudyModal.tsx.rej'
Failed to apply patch_4.patch
Applying patch_5.patch...
patching file 'src/app/components/BeforeAfterSlider.tsx'
Reversed (or previously applied) patch detected!  Assume -R? [y] 
Applying patch_6.patch...
patching file 'src/app/components/CaseStudyModal.tsx'
1 out of 1 hunks failed--saving rejects to 'src/app/components/CaseStudyModal.tsx.rej'
Failed to apply patch_6.patch
Applying patch_7.patch...
patching file 'src/app/components/CaseStudies.tsx'
1 out of 1 hunks failed--saving rejects to 'src/app/components/CaseStudies.tsx.rej'
Failed to apply patch_7.patch
Applying patch_8.patch...
patching file 'src/app/components/CaseStudies.tsx'
1 out of 1 hunks failed--saving rejects to 'src/app/components/CaseStudies.tsx.rej'
Failed to apply patch_8.patch
Applying patch_9.patch...
patching file 'src/app/components/CaseStudies.tsx'
Reversed (or previously applied) patch detected!  Assume -R? [y] 
Applying patch_10.patch...
patching file 'src/app/components/CaseStudies.tsx'
Reversed (or previously applied) patch detected!  Assume -R? [y] 
Applying patch_11.patch...
patching file 'src/app/components/CaseStudyModal.tsx'
Reversed (or previously applied) patch detected!  Assume -R? [y] 
patch: **** malformed patch at line 38: <truncated 1180 bytes>
Failed to apply patch_11.patch
Applying patch_12.patch...
patching file 'src/app/components/CaseStudyModal.tsx'
1 out of 1 hunks failed--saving rejects to 'src/app/components/CaseStudyModal.tsx.rej'
Failed to apply patch_12.patch
Applying patch_13.patch...
patching file 'src/app/components/CaseStudyModal.tsx'
Reversed (or previously applied) patch detected!  Assume -R? [y] 
Applying patch_14.patch...
patching file 'src/app/components/CaseStudyModal.tsx'
Reversed (or previously applied) patch detected!  Assume -R? [y] 
Applying patch_15.patch...
patching file 'src/app/components/CaseStudyModal.tsx'
3 out of 3 hunks failed--saving rejects to 'src/app/components/CaseStudyModal.tsx.rej'
Failed to apply patch_15.patch
Applying patch_16.patch...
patching file 'src/app/components/CaseStudyModal.tsx'
3 out of 4 hunks failed--saving rejects to 'src/app/components/CaseStudyModal.tsx.rej'
Failed to apply patch_16.patch
Applying patch_17.patch...
patching file 'src/app/components/CaseStudyModal.tsx'
2 out of 2 hunks failed--saving rejects to 'src/app/components/CaseStudyModal.tsx.rej'
Failed to apply patch_17.patch
Applying patch_18.patch...
patching file 'src/app/components/CaseStudyModal.tsx'
2 out of 2 hunks failed--saving rejects to 'src/app/components/CaseStudyModal.tsx.rej'
Failed to apply patch_18.patch
Applying patch_19.patch...
patching file 'src/app/components/CaseStudyModal.tsx'
1 out of 1 hunks failed--saving rejects to 'src/app/components/CaseStudyModal.tsx.rej'
Failed to apply patch_19.patch
Applying patch_20.patch...
patching file 'src/app/components/CaseStudyModal.tsx'
Applying patch_21.patch...
patching file 'src/app/components/CaseStudyModal.tsx'
patch: **** malformed patch at line 51: <truncated 3930 bytes>
Failed to apply patch_21.patch
Applying patch_22.patch...
patching file 'src/app/components/CaseStudyModal.tsx'
Applying patch_23.patch...
patching file 'src/app/components/CaseStudies.tsx'
patch: **** malformed patch at line 30: <truncated 2174 bytes>
Failed to apply patch_23.patch
Applying patch_24.patch...
patching file 'src/app/components/CaseStudyModal.tsx'
No such line 316 in input file, ignoring
1 out of 4 hunks failed--saving rejects to 'src/app/components/CaseStudyModal.tsx.rej'
Failed to apply patch_24.patch
Applying patch_25.patch...
patching file 'src/app/components/CaseStudyModal.tsx'
Applying patch_26.patch...
patching file 'src/app/components/CaseStudyModal.tsx'
No such line 360 in input file, ignoring
1 out of 4 hunks failed--saving rejects to 'src/app/components/CaseStudyModal.tsx.rej'
Failed to apply patch_26.patch
Applying patch_27.patch...
patching file 'src/app/components/CaseStudies.tsx'
2 out of 2 hunks failed--saving rejects to 'src/app/components/CaseStudies.tsx.rej'
Failed to apply patch_27.patch
Applying patch_28.patch...
patching file 'src/app/components/CaseStudies.tsx'
3 out of 4 hunks failed--saving rejects to 'src/app/components/CaseStudies.tsx.rej'
Failed to apply patch_28.patch
Applying patch_29.patch...
patching file 'src/app/components/CaseStudies.tsx'
Applying patch_30.patch...
patching file 'src/app/components/CaseStudyModal.tsx'
Applying patch_31.patch...
patching file 'src/app/components/CaseStudyModal.tsx'
3 out of 3 hunks failed--saving rejects to 'src/app/components/CaseStudyModal.tsx.rej'
Failed to apply patch_31.patch
Applying patch_32.patch...
patching file 'src/app/components/CaseStudyModal.tsx'
1 out of 1 hunks failed--saving rejects to 'src/app/components/CaseStudyModal.tsx.rej'
Failed to apply patch_32.patch
Applying patch_33.patch...
patching file 'src/app/components/CaseStudyModal.tsx'
No such line 331 in input file, ignoring
1 out of 1 hunks failed--saving rejects to 'src/app/components/CaseStudyModal.tsx.rej'
Failed to apply patch_33.patch
Applying patch_34.patch...
patching file 'src/app/components/CaseStudyModal.tsx'
No such line 344 in input file, ignoring
1 out of 1 hunks failed--saving rejects to 'src/app/components/CaseStudyModal.tsx.rej'
Failed to apply patch_34.patch
Applying patch_35.patch...
patching file 'src/app/components/CaseStudyModal.tsx'
No such line 365 in input file, ignoring
1 out of 4 hunks failed--saving rejects to 'src/app/components/CaseStudyModal.tsx.rej'
Failed to apply patch_35.patch
Applying patch_36.patch...
patching file 'src/app/components/CaseStudies.tsx'
No such line 245 in input file, ignoring
Applying patch_37.patch...
patching file 'src/app/components/CaseStudies.tsx'
No such line 250 in input file, ignoring
Applying patch_38.patch...
patching file 'src/app/components/CaseStudyModal.tsx'
patch: **** malformed patch at line 38: <truncated 125 bytes>
Failed to apply patch_38.patch
Applying patch_39.patch...
patching file 'src/app/components/CaseStudies.tsx'
Applying patch_40.patch...
patching file 'src/app/components/CaseStudyModal.tsx'
Applying patch_41.patch...
patching file 'src/app/components/CaseStudyModal.tsx'
3 out of 3 hunks failed--saving rejects to 'src/app/components/CaseStudyModal.tsx.rej'
Failed to apply patch_41.patch
Applying patch_42.patch...
patching file 'src/app/components/CaseStudyModal.tsx'
No such line 354 in input file, ignoring
1 out of 1 hunks failed--saving rejects to 'src/app/components/CaseStudyModal.tsx.rej'
Failed to apply patch_42.patch
Applying patch_43.patch...
patching file 'src/app/components/CaseStudyModal.tsx'
patch: **** malformed patch at line 35: <truncated 4293 bytes>
Failed to apply patch_43.patch
Applying patch_44.patch...
patching file 'src/app/components/CaseStudies.tsx'
Applying patch_45.patch...
patching file 'src/app/components/CaseStudyModal.tsx'
2 out of 2 hunks failed--saving rejects to 'src/app/components/CaseStudyModal.tsx.rej'
Failed to apply patch_45.patch
Applying patch_46.patch...
patching file 'src/app/components/CaseStudies.tsx'
Applying patch_47.patch...
patching file 'src/app/components/CaseStudies.tsx'
No such line 268 in input file, ignoring
1 out of 8 hunks failed--saving rejects to 'src/app/components/CaseStudies.tsx.rej'
Failed to apply patch_47.patch
Applying patch_48.patch...
patching file 'src/app/components/CaseStudyModal.tsx'
Applying patch_49.patch...
patching file 'src/app/components/CaseStudyModal.tsx'
1 out of 1 hunks failed--saving rejects to 'src/app/components/CaseStudyModal.tsx.rej'
Failed to apply patch_49.patch
Applying patch_50.patch...
patching file 'src/app/components/figma/ImageWithFallback.tsx'
1 out of 2 hunks failed--saving rejects to 'src/app/components/figma/ImageWithFallback.tsx.rej'
Failed to apply patch_50.patch
Applying patch_51.patch...
patching file 'src/app/components/CaseStudyModal.tsx'
No such line 304 in input file, ignoring
2 out of 3 hunks failed--saving rejects to 'src/app/components/CaseStudyModal.tsx.rej'
Failed to apply patch_51.patch
Applying patch_52.patch...
patching file 'src/app/components/CaseStudies.tsx'
Applying patch_53.patch...
patching file 'src/app/components/CaseStudies.tsx'
1 out of 1 hunks failed--saving rejects to 'src/app/components/CaseStudies.tsx.rej'
Failed to apply patch_53.patch
Applying patch_54.patch...
patching file 'src/app/components/CaseStudyModal.tsx'
No such line 502 in input file, ignoring
Applying patch_55.patch...
patching file 'src/app/components/CaseStudies.tsx'
1 out of 1 hunks failed--saving rejects to 'src/app/components/CaseStudies.tsx.rej'
Failed to apply patch_55.patch
Applying patch_56.patch...
patching file 'src/app/components/CaseStudyModal.tsx'
patch: **** malformed patch at line 37: <truncated 5011 bytes>
Failed to apply patch_56.patch
Applying patch_57.patch...
patching file 'src/app/components/CaseStudyModal.tsx'
patch: **** malformed patch at line 41: <truncated 1143 bytes>
Failed to apply patch_57.patch
Applying patch_58.patch...
patching file 'src/app/components/CaseStudies.tsx'
3 out of 3 hunks failed--saving rejects to 'src/app/components/CaseStudies.tsx.rej'
Failed to apply patch_58.patch
Applying patch_59.patch...
patching file 'src/app/components/CaseStudyModal.tsx'
1 out of 1 hunks failed--saving rejects to 'src/app/components/CaseStudyModal.tsx.rej'
Failed to apply patch_59.patch
Applying patch_60.patch...
patching file 'src/app/components/CaseStudyModal.tsx'
patch: **** malformed patch at line 33: <truncated 1414 bytes>
Failed to apply patch_60.patch
Applying patch_61.patch...
patching file 'src/app/components/CaseStudies.tsx'
patch: **** malformed patch at line 35: <truncated 545 bytes>
Failed to apply patch_61.patch
Applying patch_62.patch...
patching file 'src/app/components/CaseStudyModal.tsx'
1 out of 1 hunks failed--saving rejects to 'src/app/components/CaseStudyModal.tsx.rej'
Failed to apply patch_62.patch
Applying patch_63.patch...
patching file 'src/app/components/CaseStudyModal.tsx'
No such line 457 in input file, ignoring
1 out of 1 hunks failed--saving rejects to 'src/app/components/CaseStudyModal.tsx.rej'
Failed to apply patch_63.patch
Applying patch_64.patch...
patching file 'src/app/components/CaseStudyModal.tsx'
No such line 545 in input file, ignoring
Applying patch_65.patch...
patching file 'src/app/components/Nav.tsx'
Applying patch_66.patch...
patching file 'src/app/components/ClosingScene.tsx'
Applying patch_67.patch...
patching file 'src/app/components/CaseStudies.tsx'
4 out of 4 hunks failed--saving rejects to 'src/app/components/CaseStudies.tsx.rej'
Failed to apply patch_67.patch
Applying patch_68.patch...
patching file 'src/app/components/Nav.tsx'
Applying patch_69.patch...
patching file 'src/app/components/ClosingScene.tsx'
Applying patch_70.patch...
patching file 'src/app/components/CaseStudyModal.tsx'
No such line 457 in input file, ignoring
1 out of 2 hunks failed--saving rejects to 'src/app/components/CaseStudyModal.tsx.rej'
Failed to apply patch_70.patch
Applying patch_71.patch...
patching file 'src/app/components/CaseStudies.tsx'
3 out of 3 hunks failed--saving rejects to 'src/app/components/CaseStudies.tsx.rej'
Failed to apply patch_71.patch
Applying patch_72.patch...
patching file 'src/app/components/CaseStudies.tsx'
1 out of 1 hunks failed--saving rejects to 'src/app/components/CaseStudies.tsx.rej'
Failed to apply patch_72.patch
Applying patch_73.patch...
patching file 'src/app/components/CaseStudies.tsx'
1 out of 1 hunks failed--saving rejects to 'src/app/components/CaseStudies.tsx.rej'
Failed to apply patch_73.patch
Applying patch_74.patch...
File to patch: 
No file found--skip this patch? [y] 
2 out of 2 hunks ignored--saving rejects to Oops.rej
Failed to apply patch_74.patch
Applying patch_75.patch...
patching file 'src/app/components/CaseStudies.tsx'
2 out of 2 hunks failed--saving rejects to 'src/app/components/CaseStudies.tsx.rej'
Failed to apply patch_75.patch
Applying patch_76.patch...
patching file 'src/app/components/CaseStudies.tsx'
1 out of 1 hunks failed--saving rejects to 'src/app/components/CaseStudies.tsx.rej'
Failed to apply patch_76.patch
Applying patch_77.patch...
patching file 'src/app/components/CaseStudies.tsx'
patch: **** malformed patch at line 36: <truncated 2819 bytes>
Failed to apply patch_77.patch
Applying patch_78.patch...
patching file 'src/app/components/CaseStudies.tsx'
Reversed (or previously applied) patch detected!  Assume -R? [y] 
patch: **** malformed patch at line 36: <truncated 2819 bytes>
Failed to apply patch_78.patch
Applying patch_79.patch...
patching file 'src/app/components/CaseStudies.tsx'
Applying patch_80.patch...
patching file 'src/app/components/CaseStudies.tsx'
Applying patch_81.patch...
patching file 'src/app/components/CaseStudies.tsx'
Applying patch_82.patch...
patching file 'src/app/components/CaseStudies.tsx'
Applying patch_83.patch...
patching file 'src/app/components/CaseStudies.tsx'
Applying patch_84.patch...
patching file 'src/app/components/CaseStudies.tsx'
Applying patch_85.patch...
patching file 'src/app/components/CaseStudies.tsx'
patch: **** malformed patch at line 17: <truncated 297 bytes>
Failed to apply patch_85.patch
Applying patch_86.patch...
patching file 'src/app/components/CaseStudies.tsx'
Applying patch_87.patch...
patching file 'src/app/components/BeforeAfterSlider.tsx'
1 out of 1 hunks failed--saving rejects to 'src/app/components/BeforeAfterSlider.tsx.rej'
Failed to apply patch_87.patch
Applying patch_88.patch...
patching file 'src/app/components/BeforeAfterSlider.tsx'
1 out of 2 hunks failed--saving rejects to 'src/app/components/BeforeAfterSlider.tsx.rej'
Failed to apply patch_88.patch
Applying patch_89.patch...
patching file 'src/app/components/BeforeAfterSlider.tsx'
Applying patch_90.patch...
patching file 'src/app/components/BeforeAfterSlider.tsx'
1 out of 3 hunks failed--saving rejects to 'src/app/components/BeforeAfterSlider.tsx.rej'
Failed to apply patch_90.patch
Applying patch_91.patch...
patching file 'src/app/components/BeforeAfterSlider.tsx'
1 out of 1 hunks failed--saving rejects to 'src/app/components/BeforeAfterSlider.tsx.rej'
Failed to apply patch_91.patch
Applying patch_92.patch...
patching file 'src/app/components/CaseStudies.tsx'
2 out of 5 hunks failed--saving rejects to 'src/app/components/CaseStudies.tsx.rej'
Failed to apply patch_92.patch
Applying patch_93.patch...
patching file 'src/app/components/CaseStudies.tsx'
No such line 367 in input file, ignoring
1 out of 1 hunks failed--saving rejects to 'src/app/components/CaseStudies.tsx.rej'
Failed to apply patch_93.patch
Applying patch_94.patch...
File to patch: 
No file found--skip this patch? [y] 
1 out of 1 hunks ignored--saving rejects to Oops.rej
Failed to apply patch_94.patch
Applying patch_95.patch...
patching file 'src/app/components/CaseStudyModal.tsx'
No such line 411 in input file, ignoring
1 out of 2 hunks failed--saving rejects to 'src/app/components/CaseStudyModal.tsx.rej'
Failed to apply patch_95.patch
Applying patch_96.patch...
File to patch: 
No file found--skip this patch? [y] 
2 out of 2 hunks ignored--saving rejects to Oops.rej
Failed to apply patch_96.patch
Applying patch_97.patch...
patching file 'src/app/components/CaseStudyModal.tsx'
No such line 365 in input file, ignoring
Applying patch_98.patch...
File to patch: 
No file found--skip this patch? [y] 
1 out of 1 hunks ignored--saving rejects to Oops.rej
Failed to apply patch_98.patch
Applying patch_99.patch...
patching file 'src/app/components/CaseStudies.tsx'
patch: **** malformed patch at line 17: <truncated 1723 bytes>
Failed to apply patch_99.patch
Applying patch_100.patch...
File to patch: 
No file found--skip this patch? [y] 
1 out of 1 hunks ignored--saving rejects to Oops.rej
Failed to apply patch_100.patch
Applying patch_101.patch...
patching file 'src/app/components/BeforeAfterSlider.tsx'
3 out of 5 hunks failed--saving rejects to 'src/app/components/BeforeAfterSlider.tsx.rej'
Failed to apply patch_101.patch
Applying patch_102.patch...
patching file 'src/app/components/CaseStudyModal.tsx'
No such line 329 in input file, ignoring
Applying patch_103.patch...
File to patch: 
No file found--skip this patch? [y] 
1 out of 1 hunks ignored--saving rejects to Oops.rej
Failed to apply patch_103.patch
Applying patch_104.patch...
patching file 'src/app/components/CaseStudyModal.tsx'
No such line 364 in input file, ignoring
1 out of 2 hunks failed--saving rejects to 'src/app/components/CaseStudyModal.tsx.rej'
Failed to apply patch_104.patch
Applying patch_105.patch...
patching file 'src/app/components/BeforeAfterSlider.tsx'
2 out of 2 hunks failed--saving rejects to 'src/app/components/BeforeAfterSlider.tsx.rej'
Failed to apply patch_105.patch
Applying patch_106.patch...
patching file 'src/app/components/CaseStudies.tsx'
1 out of 2 hunks failed--saving rejects to 'src/app/components/CaseStudies.tsx.rej'
Failed to apply patch_106.patch
Applying patch_107.patch...
patching file 'src/app/components/CaseStudies.tsx'
1 out of 1 hunks failed--saving rejects to 'src/app/components/CaseStudies.tsx.rej'
Failed to apply patch_107.patch
Applying patch_108.patch...
patching file 'src/app/components/CaseStudies.tsx'
Reversed (or previously applied) patch detected!  Assume -R? [y] 
Applying patch_109.patch...
patching file 'src/app/components/BeforeAfterSlider.tsx'
1 out of 1 hunks failed--saving rejects to 'src/app/components/BeforeAfterSlider.tsx.rej'
Failed to apply patch_109.patch
Applying patch_110.patch...
patching file 'src/app/components/CaseStudies.tsx'
1 out of 1 hunks failed--saving rejects to 'src/app/components/CaseStudies.tsx.rej'
Failed to apply patch_110.patch
Applying patch_111.patch...
patching file 'src/app/components/CaseStudies.tsx'
1 out of 1 hunks failed--saving rejects to 'src/app/components/CaseStudies.tsx.rej'
Failed to apply patch_111.patch
Applying patch_112.patch...
patching file 'src/app/components/CaseStudies.tsx'
2 out of 3 hunks failed--saving rejects to 'src/app/components/CaseStudies.tsx.rej'
Failed to apply patch_112.patch
Applying patch_113.patch...
patching file 'src/app/components/CaseStudyModal.tsx'
2 out of 2 hunks failed--saving rejects to 'src/app/components/CaseStudyModal.tsx.rej'
Failed to apply patch_113.patch
Applying patch_114.patch...
patching file 'src/app/components/CaseStudyModal.tsx'
2 out of 2 hunks failed--saving rejects to 'src/app/components/CaseStudyModal.tsx.rej'
Failed to apply patch_114.patch
Applying patch_115.patch...
patching file 'src/app/components/BeforeAfterSlider.tsx'
2 out of 2 hunks failed--saving rejects to 'src/app/components/BeforeAfterSlider.tsx.rej'
Failed to apply patch_115.patch
Applying patch_116.patch...
patching file 'src/app/components/CaseStudies.tsx'
1 out of 1 hunks failed--saving rejects to 'src/app/components/CaseStudies.tsx.rej'
Failed to apply patch_116.patch
