Applied change to src/app/components/CaseStudies.tsx
Target not found in src/app/components/CaseStudyModal.tsx!
Failed to apply some chunks in src/app/components/CaseStudyModal.tsx
Target not found in src/app/components/CaseStudies.tsx!
Failed to apply some chunks in src/app/components/CaseStudies.tsx
Target not found in src/app/components/CaseStudies.tsx!
Failed to apply some chunks in src/app/components/CaseStudies.tsx
Target not found in src/app/components/CaseStudyModal.tsx!
Target not found in src/app/components/CaseStudyModal.tsx!
Failed to apply some chunks in src/app/components/CaseStudyModal.tsx
Applied change to src/app/components/BeforeAfterSlider.tsx
Target not found in src/app/components/CaseStudyModal.tsx!
Failed to apply some chunks in src/app/components/CaseStudyModal.tsx
Target not found in src/app/components/CaseStudies.tsx!
Failed to apply some chunks in src/app/components/CaseStudies.tsx
Target not found in src/app/components/CaseStudies.tsx!
Failed to apply some chunks in src/app/components/CaseStudies.tsx
Applied change to src/app/components/CaseStudies.tsx
Applied change to src/app/components/CaseStudies.tsx
Error applying src/app/components/CaseStudyModal.tsx Invalid control character at: line 1 column 2049 (char 2048)
Target not found in src/app/components/CaseStudyModal.tsx!
Failed to apply some chunks in src/app/components/CaseStudyModal.tsx
Applied change to src/app/components/CaseStudyModal.tsx
Target not found in src/app/components/CaseStudyModal.tsx!
Failed to apply some chunks in src/app/components/CaseStudyModal.tsx
Error applying src/app/components/CaseStudyModal.tsx Invalid control character at: line 1 column 2049 (char 2048)
Target not found in src/app/components/CaseStudyModal.tsx!
Failed to apply some chunks in src/app/components/CaseStudyModal.tsx
Target not found in src/app/components/CaseStudyModal.tsx!
Failed to apply some chunks in src/app/components/CaseStudyModal.tsx
Target not found in src/app/components/CaseStudyModal.tsx!
Failed to apply some chunks in src/app/components/CaseStudyModal.tsx
Target not found in src/app/components/CaseStudyModal.tsx!
Failed to apply some chunks in src/app/components/CaseStudyModal.tsx
Target not found in src/app/components/CaseStudyModal.tsx!
Failed to apply some chunks in src/app/components/CaseStudyModal.tsx
Error applying src/app/components/CaseStudyModal.tsx Invalid control character at: line 1 column 2049 (char 2048)
Applied change to src/app/components/CaseStudyModal.tsx
Error applying src/app/components/CaseStudies.tsx Invalid control character at: line 1 column 2049 (char 2048)
Error applying src/app/components/CaseStudyModal.tsx Invalid control character at: line 1 column 2049 (char 2048)
Error applying src/app/components/CaseStudyModal.tsx Invalid control character at: line 1 column 2049 (char 2048)
Error applying src/app/components/CaseStudyModal.tsx Invalid control character at: line 1 column 2049 (char 2048)
Error applying src/app/components/CaseStudyModal.tsx Invalid control character at: line 1 column 2049 (char 2048)
Target not found in src/app/components/CaseStudies.tsx!
Failed to apply some chunks in src/app/components/CaseStudies.tsx
Target not found in src/app/components/CaseStudies.tsx!
Target not found in src/app/components/CaseStudies.tsx!
Failed to apply some chunks in src/app/components/CaseStudies.tsx
Error applying src/app/components/CaseStudyModal.tsx Invalid control character at: line 1 column 2047 (char 2046)
Target not found in src/app/components/CaseStudies.tsx!
Failed to apply some chunks in src/app/components/CaseStudies.tsx
Target not found in src/app/components/CaseStudies.tsx!
Failed to apply some chunks in src/app/components/CaseStudies.tsx
Target not found in src/app/components/CaseStudyModal.tsx!
Target not found in src/app/components/CaseStudyModal.tsx!
Failed to apply some chunks in src/app/components/CaseStudyModal.tsx
Target not found in src/app/components/CaseStudies.tsx!
Failed to apply some chunks in src/app/components/CaseStudies.tsx
Error applying src/app/components/CaseStudies.tsx Invalid control character at: line 1 column 2049 (char 2048)
Target not found in src/app/components/CaseStudyModal.tsx!
Failed to apply some chunks in src/app/components/CaseStudyModal.tsx
Target not found in src/app/components/CaseStudyModal.tsx!
Failed to apply some chunks in src/app/components/CaseStudyModal.tsx
Target not found in src/app/components/CaseStudyModal.tsx!
Failed to apply some chunks in src/app/components/CaseStudyModal.tsx
Error applying src/app/components/CaseStudies.tsx Invalid control character at: line 1 column 2049 (char 2048)
Target not found in src/app/components/CaseStudies.tsx!
Failed to apply some chunks in src/app/components/CaseStudies.tsx
Target not found in src/app/components/CaseStudyModal.tsx!
Failed to apply some chunks in src/app/components/CaseStudyModal.tsx
Target not found in src/app/components/CaseStudies.tsx!
Failed to apply some chunks in src/app/components/CaseStudies.tsx
Error applying src/app/components/CaseStudyModal.tsx Invalid control character at: line 1 column 2047 (char 2046)
Error applying src/app/components/CaseStudyModal.tsx Invalid control character at: line 1 column 2049 (char 2048)
Error applying src/app/components/CaseStudies.tsx Invalid control character at: line 1 column 2035 (char 2034)
Target not found in src/app/components/CaseStudyModal.tsx!
Failed to apply some chunks in src/app/components/CaseStudyModal.tsx
Error applying src/app/components/CaseStudyModal.tsx Invalid control character at: line 1 column 2049 (char 2048)
Error applying src/app/components/CaseStudies.tsx Invalid control character at: line 1 column 2025 (char 2024)
Error applying src/app/components/CaseStudyModal.tsx Invalid control character at: line 1 column 2049 (char 2048)
Target not found in src/app/components/CaseStudyModal.tsx!
Target not found in src/app/components/CaseStudyModal.tsx!
Failed to apply some chunks in src/app/components/CaseStudyModal.tsx
Target not found in src/app/components/CaseStudyModal.tsx!
Failed to apply some chunks in src/app/components/CaseStudyModal.tsx
Error applying src/app/components/CaseStudies.tsx Invalid control character at: line 1 column 2025 (char 2024)
Target not found in src/app/components/CaseStudyModal.tsx!
Failed to apply some chunks in src/app/components/CaseStudyModal.tsx
Target not found in src/app/components/CaseStudies.tsx!
Target not found in src/app/components/CaseStudies.tsx!
Target not found in src/app/components/CaseStudies.tsx!
Failed to apply some chunks in src/app/components/CaseStudies.tsx
Target not found in src/app/components/CaseStudies.tsx!
Failed to apply some chunks in src/app/components/CaseStudies.tsx
Target not found in src/app/components/CaseStudies.tsx!
Failed to apply some chunks in src/app/components/CaseStudies.tsx
Target not found in src/app/components/CaseStudies.tsx!
Target not found in src/app/components/CaseStudies.tsx!
Failed to apply some chunks in src/app/components/CaseStudies.tsx
Target not found in src/app/components/CaseStudies.tsx!
Failed to apply some chunks in src/app/components/CaseStudies.tsx
Error applying src/app/components/CaseStudies.tsx Invalid \escape: line 1 column 2033 (char 2032)
Error applying src/app/components/CaseStudies.tsx Invalid control character at: line 1 column 2034 (char 2033)
Error applying src/app/components/CaseStudies.tsx Invalid control character at: line 1 column 2046 (char 2045)
Target not found in src/app/components/CaseStudies.tsx!
Failed to apply some chunks in src/app/components/CaseStudies.tsx
Target not found in src/app/components/CaseStudies.tsx!
Failed to apply some chunks in src/app/components/CaseStudies.tsx
Target not found in src/app/components/CaseStudies.tsx!
Failed to apply some chunks in src/app/components/CaseStudies.tsx
Target not found in src/app/components/CaseStudies.tsx!
Failed to apply some chunks in src/app/components/CaseStudies.tsx
Target not found in src/app/components/CaseStudies.tsx!
Target not found in src/app/components/CaseStudies.tsx!
Failed to apply some chunks in src/app/components/CaseStudies.tsx
Error applying src/app/components/CaseStudies.tsx Invalid control character at: line 1 column 2044 (char 2043)
Target not found in src/app/components/CaseStudies.tsx!
Failed to apply some chunks in src/app/components/CaseStudies.tsx
Target not found in src/app/components/BeforeAfterSlider.tsx!
Failed to apply some chunks in src/app/components/BeforeAfterSlider.tsx
Target not found in src/app/components/BeforeAfterSlider.tsx!
Failed to apply some chunks in src/app/components/BeforeAfterSlider.tsx
Target not found in src/app/components/BeforeAfterSlider.tsx!
Failed to apply some chunks in src/app/components/BeforeAfterSlider.tsx
Target not found in src/app/components/BeforeAfterSlider.tsx!
Target not found in src/app/components/BeforeAfterSlider.tsx!
Failed to apply some chunks in src/app/components/BeforeAfterSlider.tsx
Target not found in src/app/components/BeforeAfterSlider.tsx!
Failed to apply some chunks in src/app/components/BeforeAfterSlider.tsx
Error applying src/app/components/CaseStudies.tsx Invalid control character at: line 1 column 2045 (char 2044)
Applied change to src/app/components/CaseStudies.tsx
Target not found in src/app/components/CaseStudyModal.tsx!
Target not found in src/app/components/CaseStudyModal.tsx!
Failed to apply some chunks in src/app/components/CaseStudyModal.tsx
Target not found in src/app/components/CaseStudyModal.tsx!
Failed to apply some chunks in src/app/components/CaseStudyModal.tsx
Error applying src/app/components/CaseStudies.tsx Invalid control character at: line 1 column 2045 (char 2044)
Error applying src/app/components/BeforeAfterSlider.tsx Invalid control character at: line 1 column 2049 (char 2048)
Target not found in src/app/components/CaseStudyModal.tsx!
Target not found in src/app/components/CaseStudyModal.tsx!
Failed to apply some chunks in src/app/components/CaseStudyModal.tsx
Error applying src/app/components/CaseStudyModal.tsx Invalid control character at: line 1 column 2049 (char 2048)
Target not found in src/app/components/BeforeAfterSlider.tsx!
Failed to apply some chunks in src/app/components/BeforeAfterSlider.tsx
Error applying src/app/components/CaseStudies.tsx Invalid control character at: line 1 column 2046 (char 2045)
Target not found in src/app/components/CaseStudies.tsx!
Failed to apply some chunks in src/app/components/CaseStudies.tsx
Applied change to src/app/components/CaseStudies.tsx
Target not found in src/app/components/BeforeAfterSlider.tsx!
Failed to apply some chunks in src/app/components/BeforeAfterSlider.tsx
Error applying src/app/components/CaseStudies.tsx Invalid control character at: line 1 column 2047 (char 2046)
Target not found in src/app/components/CaseStudies.tsx!
Failed to apply some chunks in src/app/components/CaseStudies.tsx
Error applying src/app/components/CaseStudies.tsx Invalid control character at: line 1 column 2045 (char 2044)
Error applying src/app/components/CaseStudyModal.tsx Invalid control character at: line 1 column 2049 (char 2048)
Error applying src/app/components/CaseStudyModal.tsx Invalid control character at: line 1 column 2049 (char 2048)
Target not found in src/app/components/BeforeAfterSlider.tsx!
Failed to apply some chunks in src/app/components/BeforeAfterSlider.tsx
Target not found in src/app/components/CaseStudies.tsx!
Failed to apply some chunks in src/app/components/CaseStudies.tsx
